This file contains any messages produced by compilers while
running configure, to aid debugging if configure makes a mistake.

It was created by attack_wrapper configure 1.1.1, which was
generated by GNU Autoconf 2.61.  Invocation command line was

  $ ./configure --with-postgresql=no

## --------- ##
## Platform. ##
## --------- ##

hostname = RYAN-MBP13W
uname -m = x86_64
uname -r = 4.4.0-19041-Microsoft
uname -s = Linux
uname -v = #5794-Microsoft Mon Apr 07 17:55:00 PST 2025

/usr/bin/uname -p = x86_64
/bin/uname -X     = unknown

/bin/arch              = x86_64
/usr/bin/arch -k       = unknown
/usr/convex/getsysinfo = unknown
/usr/bin/hostinfo      = unknown
/bin/machine           = unknown
/usr/bin/oslevel       = unknown
/bin/universe          = unknown

PATH: /usr/local/sbin
PATH: /usr/local/bin
PATH: /usr/sbin
PATH: /usr/bin
PATH: /sbin
PATH: /bin
PATH: /usr/games
PATH: /usr/local/games
PATH: /mnt/c/Program Files/Common Files/Oracle/Java/javapath
PATH: /mnt/c/Python310/Scripts/
PATH: /mnt/c/Python310/
PATH: /mnt/c/Windows/system32
PATH: /mnt/c/Windows
PATH: /mnt/c/Windows/System32/Wbem
PATH: /mnt/c/Windows/System32/WindowsPowerShell/v1.0/
PATH: /mnt/c/Windows/System32/OpenSSH/
PATH: /mnt/c/ProgramData/chocolatey/bin
PATH: /mnt/c/Program Files/Git/cmd
PATH: /mnt/c/ProgramData/chocolatey/lib/mingw/tools/install/mingw64/bin
PATH: /mnt/c/Libraries/SFML-2.5.1/bin
PATH: /mnt/c/Program Files/dotnet/
PATH: /mnt/c/Users/ryan/AppData/Local/Microsoft/WindowsApps
PATH: /mnt/c/ProgramData/chocolatey/lib/mingw/tools/install/mingw64/bin
PATH: /mnt/c/Users/ryan/AppData/Local/GitHubDesktop/bin
PATH: /mnt/c/Users/ryan/AppData/Local/Programs/Microsoft VS Code/bin
PATH: /mnt/c/intelFPGA/20.1/modelsim_ase/win32aloem
PATH: /snap/bin


## ----------- ##
## Core tests. ##
## ----------- ##

configure:1801: checking for a BSD-compatible install
configure:1857: result: /usr/bin/install -c
configure:1868: checking whether build environment is sane
configure:1911: result: yes
configure:1976: checking for gawk
configure:1992: found /usr/bin/gawk
configure:2003: result: gawk
configure:2014: checking whether make sets $(MAKE)
configure:2035: result: yes
configure:2269: checking for gcc
configure:2285: found /usr/bin/gcc
configure:2296: result: gcc
configure:2534: checking for C compiler version
configure:2541: gcc --version >&5
gcc (Ubuntu 11.4.0-1ubuntu1~22.04.2) 11.4.0
Copyright (C) 2021 Free Software Foundation, Inc.
This is free software; see the source for copying conditions.  There is NO
warranty; not even for MERCHANTABILITY or FITNESS FOR A PARTICULAR PURPOSE.

configure:2544: $? = 0
configure:2551: gcc -v >&5
Using built-in specs.
COLLECT_GCC=gcc
COLLECT_LTO_WRAPPER=/usr/lib/gcc/x86_64-linux-gnu/11/lto-wrapper
OFFLOAD_TARGET_NAMES=nvptx-none:amdgcn-amdhsa
OFFLOAD_TARGET_DEFAULT=1
Target: x86_64-linux-gnu
Configured with: ../src/configure -v --with-pkgversion='Ubuntu 11.4.0-1ubuntu1~22.04.2' --with-bugurl=file:///usr/share/doc/gcc-11/README.Bugs --enable-languages=c,ada,c++,go,brig,d,fortran,objc,obj-c++,m2 --prefix=/usr --with-gcc-major-version-only --program-suffix=-11 --program-prefix=x86_64-linux-gnu- --enable-shared --enable-linker-build-id --libexecdir=/usr/lib --without-included-gettext --enable-threads=posix --libdir=/usr/lib --enable-nls --enable-bootstrap --enable-clocale=gnu --enable-libstdcxx-debug --enable-libstdcxx-time=yes --with-default-libstdcxx-abi=new --enable-gnu-unique-object --disable-vtable-verify --enable-plugin --enable-default-pie --with-system-zlib --enable-libphobos-checking=release --with-target-system-zlib=auto --enable-objc-gc=auto --enable-multiarch --disable-werror --enable-cet --with-arch-32=i686 --with-abi=m64 --with-multilib-list=m32,m64,mx32 --enable-multilib --with-tune=generic --enable-offload-targets=nvptx-none=/build/gcc-11-2Y5pKs/gcc-11-11.4.0/debian/tmp-nvptx/usr,amdgcn-amdhsa=/build/gcc-11-2Y5pKs/gcc-11-11.4.0/debian/tmp-gcn/usr --without-cuda-driver --enable-checking=release --build=x86_64-linux-gnu --host=x86_64-linux-gnu --target=x86_64-linux-gnu --with-build-config=bootstrap-lto-lean --enable-link-serialization=2
Thread model: posix
Supported LTO compression algorithms: zlib zstd
gcc version 11.4.0 (Ubuntu 11.4.0-1ubuntu1~22.04.2) 
configure:2554: $? = 0
configure:2561: gcc -V >&5
gcc: error: unrecognized command-line option '-V'
gcc: fatal error: no input files
compilation terminated.
configure:2564: $? = 1
configure:2587: checking for C compiler default output file name
configure:2614: gcc    conftest.c  >&5
configure:2617: $? = 0
configure:2655: result: a.out
configure:2672: checking whether the C compiler works
configure:2682: ./a.out
configure:2685: $? = 0
configure:2702: result: yes
configure:2709: checking whether we are cross compiling
configure:2711: result: no
configure:2714: checking for suffix of executables
configure:2721: gcc -o conftest    conftest.c  >&5
configure:2724: $? = 0
configure:2748: result: 
configure:2754: checking for suffix of object files
configure:2780: gcc -c   conftest.c >&5
configure:2783: $? = 0
configure:2806: result: o
configure:2810: checking whether we are using the GNU C compiler
configure:2839: gcc -c   conftest.c >&5
configure:2845: $? = 0
configure:2862: result: yes
configure:2867: checking whether gcc accepts -g
configure:2897: gcc -c -g  conftest.c >&5
configure:2903: $? = 0
configure:3002: result: yes
configure:3019: checking for gcc option to accept ISO C89
configure:3093: gcc  -c -g -O2  conftest.c >&5
configure:3099: $? = 0
configure:3122: result: none needed
configure:3151: checking for style of include used by make
configure:3179: result: GNU
configure:3207: checking dependency style of gcc
configure:3297: result: gcc3
configure:3324: checking how to run the C preprocessor
configure:3364: gcc -E  conftest.c
configure:3370: $? = 0
configure:3401: gcc -E  conftest.c
conftest.c:10:10: fatal error: ac_nonexistent.h: No such file or directory
   10 | #include <ac_nonexistent.h>
      |          ^~~~~~~~~~~~~~~~~~
compilation terminated.
configure:3407: $? = 1
configure: failed program was:
| /* confdefs.h.  */
| #define PACKAGE_NAME "attack_wrapper"
| #define PACKAGE_TARNAME "attack_wrapper"
| #define PACKAGE_VERSION "1.1.1"
| #define PACKAGE_STRING "attack_wrapper 1.1.1"
| #define PACKAGE_BUGREPORT "contact@dpacontest.org"
| #define PACKAGE "attack_wrapper"
| #define VERSION "1.1.1"
| /* end confdefs.h.  */
| #include <ac_nonexistent.h>
configure:3440: result: gcc -E
configure:3469: gcc -E  conftest.c
configure:3475: $? = 0
configure:3506: gcc -E  conftest.c
conftest.c:10:10: fatal error: ac_nonexistent.h: No such file or directory
   10 | #include <ac_nonexistent.h>
      |          ^~~~~~~~~~~~~~~~~~
compilation terminated.
configure:3512: $? = 1
configure: failed program was:
| /* confdefs.h.  */
| #define PACKAGE_NAME "attack_wrapper"
| #define PACKAGE_TARNAME "attack_wrapper"
| #define PACKAGE_VERSION "1.1.1"
| #define PACKAGE_STRING "attack_wrapper 1.1.1"
| #define PACKAGE_BUGREPORT "contact@dpacontest.org"
| #define PACKAGE "attack_wrapper"
| #define VERSION "1.1.1"
| /* end confdefs.h.  */
| #include <ac_nonexistent.h>
configure:3550: checking for grep that handles long lines and -e
configure:3624: result: /usr/bin/grep
configure:3629: checking for egrep
configure:3707: result: /usr/bin/grep -E
configure:3712: checking for ANSI C header files
configure:3742: gcc -c -g -O2  conftest.c >&5
configure:3748: $? = 0
configure:3847: gcc -o conftest -g -O2   conftest.c  >&5
configure:3850: $? = 0
configure:3856: ./conftest
configure:3859: $? = 0
configure:3876: result: yes
configure:3900: checking for sys/types.h
configure:3921: gcc -c -g -O2  conftest.c >&5
configure:3927: $? = 0
configure:3943: result: yes
configure:3900: checking for sys/stat.h
configure:3921: gcc -c -g -O2  conftest.c >&5
configure:3927: $? = 0
configure:3943: result: yes
configure:3900: checking for stdlib.h
configure:3921: gcc -c -g -O2  conftest.c >&5
configure:3927: $? = 0
configure:3943: result: yes
configure:3900: checking for string.h
configure:3921: gcc -c -g -O2  conftest.c >&5
configure:3927: $? = 0
configure:3943: result: yes
configure:3900: checking for memory.h
configure:3921: gcc -c -g -O2  conftest.c >&5
configure:3927: $? = 0
configure:3943: result: yes
configure:3900: checking for strings.h
configure:3921: gcc -c -g -O2  conftest.c >&5
configure:3927: $? = 0
configure:3943: result: yes
configure:3900: checking for inttypes.h
configure:3921: gcc -c -g -O2  conftest.c >&5
configure:3927: $? = 0
configure:3943: result: yes
configure:3900: checking for stdint.h
configure:3921: gcc -c -g -O2  conftest.c >&5
configure:3927: $? = 0
configure:3943: result: yes
configure:3900: checking for unistd.h
configure:3921: gcc -c -g -O2  conftest.c >&5
configure:3927: $? = 0
configure:3943: result: yes
configure:3975: checking fcntl.h usability
configure:3992: gcc -c -g -O2  conftest.c >&5
configure:3998: $? = 0
configure:4012: result: yes
configure:4016: checking fcntl.h presence
configure:4031: gcc -E  conftest.c
configure:4037: $? = 0
configure:4051: result: yes
configure:4084: checking for fcntl.h
configure:4092: result: yes
configure:3965: checking for stdint.h
configure:3971: result: yes
configure:3965: checking for stdlib.h
configure:3971: result: yes
configure:3965: checking for string.h
configure:3971: result: yes
configure:3975: checking sys/time.h usability
configure:3992: gcc -c -g -O2  conftest.c >&5
configure:3998: $? = 0
configure:4012: result: yes
configure:4016: checking sys/time.h presence
configure:4031: gcc -E  conftest.c
configure:4037: $? = 0
configure:4051: result: yes
configure:4084: checking for sys/time.h
configure:4092: result: yes
configure:3965: checking for unistd.h
configure:3971: result: yes
configure:4108: checking for int8_t
configure:4139: gcc -c -g -O2  conftest.c >&5
configure:4145: $? = 0
configure:4174: gcc -c -g -O2  conftest.c >&5
conftest.c: In function 'main':
conftest.c:62:12: error: size of array 'test_array' is negative
   62 | static int test_array [1 - 2 * !((int8_t) ((((int8_t) 1 << (8 - 2)) - 1) * 2 + 1)
      |            ^~~~~~~~~~
configure:4180: $? = 1
configure: failed program was:
| /* confdefs.h.  */
| #define PACKAGE_NAME "attack_wrapper"
| #define PACKAGE_TARNAME "attack_wrapper"
| #define PACKAGE_VERSION "1.1.1"
| #define PACKAGE_STRING "attack_wrapper 1.1.1"
| #define PACKAGE_BUGREPORT "contact@dpacontest.org"
| #define PACKAGE "attack_wrapper"
| #define VERSION "1.1.1"
| #define STDC_HEADERS 1
| #define HAVE_SYS_TYPES_H 1
| #define HAVE_SYS_STAT_H 1
| #define HAVE_STDLIB_H 1
| #define HAVE_STRING_H 1
| #define HAVE_MEMORY_H 1
| #define HAVE_STRINGS_H 1
| #define HAVE_INTTYPES_H 1
| #define HAVE_STDINT_H 1
| #define HAVE_UNISTD_H 1
| #define HAVE_FCNTL_H 1
| #define HAVE_STDINT_H 1
| #define HAVE_STDLIB_H 1
| #define HAVE_STRING_H 1
| #define HAVE_SYS_TIME_H 1
| #define HAVE_UNISTD_H 1
| /* end confdefs.h.  */
| #include <stdio.h>
| #ifdef HAVE_SYS_TYPES_H
| # include <sys/types.h>
| #endif
| #ifdef HAVE_SYS_STAT_H
| # include <sys/stat.h>
| #endif
| #ifdef STDC_HEADERS
| # include <stdlib.h>
| # include <stddef.h>
| #else
| # ifdef HAVE_STDLIB_H
| #  include <stdlib.h>
| # endif
| #endif
| #ifdef HAVE_STRING_H
| # if !defined STDC_HEADERS && defined HAVE_MEMORY_H
| #  include <memory.h>
| # endif
| # include <string.h>
| #endif
| #ifdef HAVE_STRINGS_H
| # include <strings.h>
| #endif
| #ifdef HAVE_INTTYPES_H
| # include <inttypes.h>
| #endif
| #ifdef HAVE_STDINT_H
| # include <stdint.h>
| #endif
| #ifdef HAVE_UNISTD_H
| # include <unistd.h>
| #endif
| int
| main ()
| {
| static int test_array [1 - 2 * !((int8_t) ((((int8_t) 1 << (8 - 2)) - 1) * 2 + 1)
| 	         < (int8_t) ((((int8_t) 1 << (8 - 2)) - 1) * 2 + 2))];
| test_array [0] = 0
| 
|   ;
|   return 0;
| }
configure:4209: result: yes
configure:4222: checking for int16_t
configure:4253: gcc -c -g -O2  conftest.c >&5
configure:4259: $? = 0
configure:4288: gcc -c -g -O2  conftest.c >&5
conftest.c: In function 'main':
conftest.c:62:12: error: size of array 'test_array' is negative
   62 | static int test_array [1 - 2 * !((int16_t) ((((int16_t) 1 << (16 - 2)) - 1) * 2 + 1)
      |            ^~~~~~~~~~
configure:4294: $? = 1
configure: failed program was:
| /* confdefs.h.  */
| #define PACKAGE_NAME "attack_wrapper"
| #define PACKAGE_TARNAME "attack_wrapper"
| #define PACKAGE_VERSION "1.1.1"
| #define PACKAGE_STRING "attack_wrapper 1.1.1"
| #define PACKAGE_BUGREPORT "contact@dpacontest.org"
| #define PACKAGE "attack_wrapper"
| #define VERSION "1.1.1"
| #define STDC_HEADERS 1
| #define HAVE_SYS_TYPES_H 1
| #define HAVE_SYS_STAT_H 1
| #define HAVE_STDLIB_H 1
| #define HAVE_STRING_H 1
| #define HAVE_MEMORY_H 1
| #define HAVE_STRINGS_H 1
| #define HAVE_INTTYPES_H 1
| #define HAVE_STDINT_H 1
| #define HAVE_UNISTD_H 1
| #define HAVE_FCNTL_H 1
| #define HAVE_STDINT_H 1
| #define HAVE_STDLIB_H 1
| #define HAVE_STRING_H 1
| #define HAVE_SYS_TIME_H 1
| #define HAVE_UNISTD_H 1
| /* end confdefs.h.  */
| #include <stdio.h>
| #ifdef HAVE_SYS_TYPES_H
| # include <sys/types.h>
| #endif
| #ifdef HAVE_SYS_STAT_H
| # include <sys/stat.h>
| #endif
| #ifdef STDC_HEADERS
| # include <stdlib.h>
| # include <stddef.h>
| #else
| # ifdef HAVE_STDLIB_H
| #  include <stdlib.h>
| # endif
| #endif
| #ifdef HAVE_STRING_H
| # if !defined STDC_HEADERS && defined HAVE_MEMORY_H
| #  include <memory.h>
| # endif
| # include <string.h>
| #endif
| #ifdef HAVE_STRINGS_H
| # include <strings.h>
| #endif
| #ifdef HAVE_INTTYPES_H
| # include <inttypes.h>
| #endif
| #ifdef HAVE_STDINT_H
| # include <stdint.h>
| #endif
| #ifdef HAVE_UNISTD_H
| # include <unistd.h>
| #endif
| int
| main ()
| {
| static int test_array [1 - 2 * !((int16_t) ((((int16_t) 1 << (16 - 2)) - 1) * 2 + 1)
| 	         < (int16_t) ((((int16_t) 1 << (16 - 2)) - 1) * 2 + 2))];
| test_array [0] = 0
| 
|   ;
|   return 0;
| }
configure:4323: result: yes
configure:4336: checking for int32_t
configure:4367: gcc -c -g -O2  conftest.c >&5
configure:4373: $? = 0
configure:4402: gcc -c -g -O2  conftest.c >&5
conftest.c: In function 'main':
conftest.c:63:67: warning: integer overflow in expression of type 'int' results in '-2147483648' [-Woverflow]
   63 |                  < (int32_t) ((((int32_t) 1 << (32 - 2)) - 1) * 2 + 2))];
      |                                                                   ^
conftest.c:62:12: error: storage size of 'test_array' isn't constant
   62 | static int test_array [1 - 2 * !((int32_t) ((((int32_t) 1 << (32 - 2)) - 1) * 2 + 1)
      |            ^~~~~~~~~~
configure:4408: $? = 1
configure: failed program was:
| /* confdefs.h.  */
| #define PACKAGE_NAME "attack_wrapper"
| #define PACKAGE_TARNAME "attack_wrapper"
| #define PACKAGE_VERSION "1.1.1"
| #define PACKAGE_STRING "attack_wrapper 1.1.1"
| #define PACKAGE_BUGREPORT "contact@dpacontest.org"
| #define PACKAGE "attack_wrapper"
| #define VERSION "1.1.1"
| #define STDC_HEADERS 1
| #define HAVE_SYS_TYPES_H 1
| #define HAVE_SYS_STAT_H 1
| #define HAVE_STDLIB_H 1
| #define HAVE_STRING_H 1
| #define HAVE_MEMORY_H 1
| #define HAVE_STRINGS_H 1
| #define HAVE_INTTYPES_H 1
| #define HAVE_STDINT_H 1
| #define HAVE_UNISTD_H 1
| #define HAVE_FCNTL_H 1
| #define HAVE_STDINT_H 1
| #define HAVE_STDLIB_H 1
| #define HAVE_STRING_H 1
| #define HAVE_SYS_TIME_H 1
| #define HAVE_UNISTD_H 1
| /* end confdefs.h.  */
| #include <stdio.h>
| #ifdef HAVE_SYS_TYPES_H
| # include <sys/types.h>
| #endif
| #ifdef HAVE_SYS_STAT_H
| # include <sys/stat.h>
| #endif
| #ifdef STDC_HEADERS
| # include <stdlib.h>
| # include <stddef.h>
| #else
| # ifdef HAVE_STDLIB_H
| #  include <stdlib.h>
| # endif
| #endif
| #ifdef HAVE_STRING_H
| # if !defined STDC_HEADERS && defined HAVE_MEMORY_H
| #  include <memory.h>
| # endif
| # include <string.h>
| #endif
| #ifdef HAVE_STRINGS_H
| # include <strings.h>
| #endif
| #ifdef HAVE_INTTYPES_H
| # include <inttypes.h>
| #endif
| #ifdef HAVE_STDINT_H
| # include <stdint.h>
| #endif
| #ifdef HAVE_UNISTD_H
| # include <unistd.h>
| #endif
| int
| main ()
| {
| static int test_array [1 - 2 * !((int32_t) ((((int32_t) 1 << (32 - 2)) - 1) * 2 + 1)
| 	         < (int32_t) ((((int32_t) 1 << (32 - 2)) - 1) * 2 + 2))];
| test_array [0] = 0
| 
|   ;
|   return 0;
| }
configure:4437: result: yes
configure:4450: checking for uint16_t
configure:4481: gcc -c -g -O2  conftest.c >&5
configure:4487: $? = 0
configure:4508: result: yes
configure:4522: checking for uint32_t
configure:4553: gcc -c -g -O2  conftest.c >&5
configure:4559: $? = 0
configure:4580: result: yes
configure:4598: checking for uint8_t
configure:4629: gcc -c -g -O2  conftest.c >&5
configure:4635: $? = 0
configure:4656: result: yes
configure:4674: checking for pid_t
configure:4704: gcc -c -g -O2  conftest.c >&5
configure:4710: $? = 0
configure:4725: result: yes
configure:4737: checking for size_t
configure:4767: gcc -c -g -O2  conftest.c >&5
configure:4773: $? = 0
configure:4788: result: yes
configure:4800: checking for ssize_t
configure:4830: gcc -c -g -O2  conftest.c >&5
configure:4836: $? = 0
configure:4851: result: yes
configure:4880: checking vfork.h usability
configure:4897: gcc -c -g -O2  conftest.c >&5
conftest.c:59:10: fatal error: vfork.h: No such file or directory
   59 | #include <vfork.h>
      |          ^~~~~~~~~
compilation terminated.
configure:4903: $? = 1
configure: failed program was:
| /* confdefs.h.  */
| #define PACKAGE_NAME "attack_wrapper"
| #define PACKAGE_TARNAME "attack_wrapper"
| #define PACKAGE_VERSION "1.1.1"
| #define PACKAGE_STRING "attack_wrapper 1.1.1"
| #define PACKAGE_BUGREPORT "contact@dpacontest.org"
| #define PACKAGE "attack_wrapper"
| #define VERSION "1.1.1"
| #define STDC_HEADERS 1
| #define HAVE_SYS_TYPES_H 1
| #define HAVE_SYS_STAT_H 1
| #define HAVE_STDLIB_H 1
| #define HAVE_STRING_H 1
| #define HAVE_MEMORY_H 1
| #define HAVE_STRINGS_H 1
| #define HAVE_INTTYPES_H 1
| #define HAVE_STDINT_H 1
| #define HAVE_UNISTD_H 1
| #define HAVE_FCNTL_H 1
| #define HAVE_STDINT_H 1
| #define HAVE_STDLIB_H 1
| #define HAVE_STRING_H 1
| #define HAVE_SYS_TIME_H 1
| #define HAVE_UNISTD_H 1
| /* end confdefs.h.  */
| #include <stdio.h>
| #ifdef HAVE_SYS_TYPES_H
| # include <sys/types.h>
| #endif
| #ifdef HAVE_SYS_STAT_H
| # include <sys/stat.h>
| #endif
| #ifdef STDC_HEADERS
| # include <stdlib.h>
| # include <stddef.h>
| #else
| # ifdef HAVE_STDLIB_H
| #  include <stdlib.h>
| # endif
| #endif
| #ifdef HAVE_STRING_H
| # if !defined STDC_HEADERS && defined HAVE_MEMORY_H
| #  include <memory.h>
| # endif
| # include <string.h>
| #endif
| #ifdef HAVE_STRINGS_H
| # include <strings.h>
| #endif
| #ifdef HAVE_INTTYPES_H
| # include <inttypes.h>
| #endif
| #ifdef HAVE_STDINT_H
| # include <stdint.h>
| #endif
| #ifdef HAVE_UNISTD_H
| # include <unistd.h>
| #endif
| #include <vfork.h>
configure:4917: result: no
configure:4921: checking vfork.h presence
configure:4936: gcc -E  conftest.c
conftest.c:26:10: fatal error: vfork.h: No such file or directory
   26 | #include <vfork.h>
      |          ^~~~~~~~~
compilation terminated.
configure:4942: $? = 1
configure: failed program was:
| /* confdefs.h.  */
| #define PACKAGE_NAME "attack_wrapper"
| #define PACKAGE_TARNAME "attack_wrapper"
| #define PACKAGE_VERSION "1.1.1"
| #define PACKAGE_STRING "attack_wrapper 1.1.1"
| #define PACKAGE_BUGREPORT "contact@dpacontest.org"
| #define PACKAGE "attack_wrapper"
| #define VERSION "1.1.1"
| #define STDC_HEADERS 1
| #define HAVE_SYS_TYPES_H 1
| #define HAVE_SYS_STAT_H 1
| #define HAVE_STDLIB_H 1
| #define HAVE_STRING_H 1
| #define HAVE_MEMORY_H 1
| #define HAVE_STRINGS_H 1
| #define HAVE_INTTYPES_H 1
| #define HAVE_STDINT_H 1
| #define HAVE_UNISTD_H 1
| #define HAVE_FCNTL_H 1
| #define HAVE_STDINT_H 1
| #define HAVE_STDLIB_H 1
| #define HAVE_STRING_H 1
| #define HAVE_SYS_TIME_H 1
| #define HAVE_UNISTD_H 1
| /* end confdefs.h.  */
| #include <vfork.h>
configure:4956: result: no
configure:4989: checking for vfork.h
configure:4997: result: no
configure:5015: checking for fork
configure:5071: gcc -o conftest -g -O2   conftest.c  >&5
conftest.c:49:6: warning: conflicting types for built-in function 'fork'; expected 'int(void)' [-Wbuiltin-declaration-mismatch]
   49 | char fork ();
      |      ^~~~
configure:5077: $? = 0
configure:5095: result: yes
configure:5015: checking for vfork
configure:5071: gcc -o conftest -g -O2   conftest.c  >&5
configure:5077: $? = 0
configure:5095: result: yes
configure:5106: checking for working fork
configure:5138: gcc -o conftest -g -O2   conftest.c  >&5
configure:5141: $? = 0
configure:5147: ./conftest
configure:5150: $? = 0
configure:5166: result: yes
configure:5187: checking for working vfork
configure:5325: result: yes
configure:5361: checking for stdlib.h
configure:5367: result: yes
configure:5501: checking for GNU libc compatible malloc
configure:5535: gcc -o conftest -g -O2   conftest.c  >&5
configure:5538: $? = 0
configure:5544: ./conftest
configure:5547: $? = 0
configure:5563: result: yes
configure:5598: checking for dup2
configure:5654: gcc -o conftest -g -O2   conftest.c  >&5
configure:5660: $? = 0
configure:5678: result: yes
configure:5598: checking for gettimeofday
configure:5654: gcc -o conftest -g -O2   conftest.c  >&5
configure:5660: $? = 0
configure:5678: result: yes
configure:5598: checking for memset
configure:5654: gcc -o conftest -g -O2   conftest.c  >&5
conftest.c:57:6: warning: conflicting types for built-in function 'memset'; expected 'void *(void *, int,  long unsigned int)' [-Wbuiltin-declaration-mismatch]
   57 | char memset ();
      |      ^~~~~~
conftest.c:45:1: note: 'memset' is declared in header '<string.h>'
   44 | # include <limits.h>
   45 | #else
configure:5660: $? = 0
configure:5678: result: yes
configure:5598: checking for strdup
configure:5654: gcc -o conftest -g -O2   conftest.c  >&5
conftest.c:58:6: warning: conflicting types for built-in function 'strdup'; expected 'char *(const char *)' [-Wbuiltin-declaration-mismatch]
   58 | char strdup ();
      |      ^~~~~~
configure:5660: $? = 0
configure:5678: result: yes
configure:5837: checking build system type
configure:5855: result: x86_64-unknown-linux-gnu
configure:5877: checking host system type
configure:5892: result: x86_64-unknown-linux-gnu
configure:6106: checking for the pthreads library -lpthreads
configure:6154: gcc -o conftest -g -O2    conftest.c -lpthreads  >&5
/usr/bin/ld: cannot find -lpthreads: No such file or directory
collect2: error: ld returned 1 exit status
configure:6160: $? = 1
configure: failed program was:
| /* confdefs.h.  */
| #define PACKAGE_NAME "attack_wrapper"
| #define PACKAGE_TARNAME "attack_wrapper"
| #define PACKAGE_VERSION "1.1.1"
| #define PACKAGE_STRING "attack_wrapper 1.1.1"
| #define PACKAGE_BUGREPORT "contact@dpacontest.org"
| #define PACKAGE "attack_wrapper"
| #define VERSION "1.1.1"
| #define STDC_HEADERS 1
| #define HAVE_SYS_TYPES_H 1
| #define HAVE_SYS_STAT_H 1
| #define HAVE_STDLIB_H 1
| #define HAVE_STRING_H 1
| #define HAVE_MEMORY_H 1
| #define HAVE_STRINGS_H 1
| #define HAVE_INTTYPES_H 1
| #define HAVE_STDINT_H 1
| #define HAVE_UNISTD_H 1
| #define HAVE_FCNTL_H 1
| #define HAVE_STDINT_H 1
| #define HAVE_STDLIB_H 1
| #define HAVE_STRING_H 1
| #define HAVE_SYS_TIME_H 1
| #define HAVE_UNISTD_H 1
| #define HAVE_FORK 1
| #define HAVE_VFORK 1
| #define HAVE_WORKING_VFORK 1
| #define HAVE_WORKING_FORK 1
| #define HAVE_STDLIB_H 1
| #define HAVE_MALLOC 1
| #define HAVE_DUP2 1
| #define HAVE_GETTIMEOFDAY 1
| #define HAVE_MEMSET 1
| #define HAVE_STRDUP 1
| /* end confdefs.h.  */
| #include <pthread.h>
| 	             static void routine(void* a) {a=0;}
| 	             static void* start_routine(void* a) {return a;}
| int
| main ()
| {
| pthread_t th; pthread_attr_t attr;
|                      pthread_join(th, 0);
|                      pthread_attr_init(&attr);
|                      pthread_cleanup_push(routine, 0);
|                      pthread_create(&th,0,start_routine,0);
|                      pthread_cleanup_pop(0);
|   ;
|   return 0;
| }
configure:6180: result: no
configure:6051: checking whether pthreads work without any flags
configure:6154: gcc -o conftest -g -O2    conftest.c   >&5
configure:6160: $? = 0
configure:6180: result: yes
configure:6199: checking for joinable pthread attribute
configure:6224: gcc -o conftest -g -O2    conftest.c   >&5
configure:6230: $? = 0
configure:6247: result: PTHREAD_CREATE_JOINABLE
configure:6257: checking if more special flags are required for pthreads
configure:6264: result: no
configure:6457: creating ./config.status

## ---------------------- ##
## Running config.status. ##
## ---------------------- ##

This file was extended by attack_wrapper config.status 1.1.1, which was
generated by GNU Autoconf 2.61.  Invocation command line was

  CONFIG_FILES    = 
  CONFIG_HEADERS  = 
  CONFIG_LINKS    = 
  CONFIG_COMMANDS = 
  $ ./config.status 

on RYAN-MBP13W

config.status:650: creating Makefile
config.status:650: creating src/Makefile
config.status:650: creating config.h
config.status:933: executing depfiles commands

## ---------------- ##
## Cache variables. ##
## ---------------- ##

ac_cv_build=x86_64-unknown-linux-gnu
ac_cv_c_compiler_gnu=yes
ac_cv_c_int16_t=yes
ac_cv_c_int32_t=yes
ac_cv_c_int8_t=yes
ac_cv_c_uint16_t=yes
ac_cv_c_uint32_t=yes
ac_cv_c_uint8_t=yes
ac_cv_env_CC_set=
ac_cv_env_CC_value=
ac_cv_env_CFLAGS_set=
ac_cv_env_CFLAGS_value=
ac_cv_env_CPPFLAGS_set=
ac_cv_env_CPPFLAGS_value=
ac_cv_env_CPP_set=
ac_cv_env_CPP_value=
ac_cv_env_LDFLAGS_set=
ac_cv_env_LDFLAGS_value=
ac_cv_env_LIBS_set=
ac_cv_env_LIBS_value=
ac_cv_env_build_alias_set=
ac_cv_env_build_alias_value=
ac_cv_env_host_alias_set=
ac_cv_env_host_alias_value=
ac_cv_env_target_alias_set=
ac_cv_env_target_alias_value=
ac_cv_func_dup2=yes
ac_cv_func_fork=yes
ac_cv_func_fork_works=yes
ac_cv_func_gettimeofday=yes
ac_cv_func_malloc_0_nonnull=yes
ac_cv_func_memset=yes
ac_cv_func_strdup=yes
ac_cv_func_vfork=yes
ac_cv_func_vfork_works=yes
ac_cv_header_fcntl_h=yes
ac_cv_header_inttypes_h=yes
ac_cv_header_memory_h=yes
ac_cv_header_stdc=yes
ac_cv_header_stdint_h=yes
ac_cv_header_stdlib_h=yes
ac_cv_header_string_h=yes
ac_cv_header_strings_h=yes
ac_cv_header_sys_stat_h=yes
ac_cv_header_sys_time_h=yes
ac_cv_header_sys_types_h=yes
ac_cv_header_unistd_h=yes
ac_cv_header_vfork_h=no
ac_cv_host=x86_64-unknown-linux-gnu
ac_cv_objext=o
ac_cv_path_EGREP='/usr/bin/grep -E'
ac_cv_path_GREP=/usr/bin/grep
ac_cv_path_install='/usr/bin/install -c'
ac_cv_prog_AWK=gawk
ac_cv_prog_CPP='gcc -E'
ac_cv_prog_ac_ct_CC=gcc
ac_cv_prog_cc_c89=
ac_cv_prog_cc_g=yes
ac_cv_prog_make_make_set=yes
ac_cv_type_pid_t=yes
ac_cv_type_size_t=yes
ac_cv_type_ssize_t=yes
am_cv_CC_dependencies_compiler_type=gcc3

## ----------------- ##
## Output variables. ##
## ----------------- ##

ACLOCAL='${SHELL} /mnt/c/Users/ryan/Documents/EEE_4714/EEE4714_Project/attack_wrapper-1.1.1/missing --run aclocal-1.9'
AMDEPBACKSLASH='\'
AMDEP_FALSE='#'
AMDEP_TRUE=''
AMTAR='${SHELL} /mnt/c/Users/ryan/Documents/EEE_4714/EEE4714_Project/attack_wrapper-1.1.1/missing --run tar'
AUTOCONF='${SHELL} /mnt/c/Users/ryan/Documents/EEE_4714/EEE4714_Project/attack_wrapper-1.1.1/missing --run autoconf'
AUTOHEADER='${SHELL} /mnt/c/Users/ryan/Documents/EEE_4714/EEE4714_Project/attack_wrapper-1.1.1/missing --run autoheader'
AUTOMAKE='${SHELL} /mnt/c/Users/ryan/Documents/EEE_4714/EEE4714_Project/attack_wrapper-1.1.1/missing --run automake-1.9'
AWK='gawk'
CC='gcc'
CCDEPMODE='depmode=gcc3'
CFLAGS='-g -O2'
CPP='gcc -E'
CPPFLAGS=''
CYGPATH_W='echo'
DEFS='-DHAVE_CONFIG_H'
DEPDIR='.deps'
ECHO_C=''
ECHO_N='-n'
ECHO_T=''
EGREP='/usr/bin/grep -E'
EXEEXT=''
GREP='/usr/bin/grep'
INSTALL_DATA='${INSTALL} -m 644'
INSTALL_PROGRAM='${INSTALL}'
INSTALL_SCRIPT='${INSTALL}'
INSTALL_STRIP_PROGRAM='${SHELL} $(install_sh) -c -s'
LDFLAGS=''
LIBOBJS=''
LIBS=''
LTLIBOBJS=''
MAKEINFO='${SHELL} /mnt/c/Users/ryan/Documents/EEE_4714/EEE4714_Project/attack_wrapper-1.1.1/missing --run makeinfo'
OBJEXT='o'
PACKAGE='attack_wrapper'
PACKAGE_BUGREPORT='contact@dpacontest.org'
PACKAGE_NAME='attack_wrapper'
PACKAGE_STRING='attack_wrapper 1.1.1'
PACKAGE_TARNAME='attack_wrapper'
PACKAGE_VERSION='1.1.1'
PATH_SEPARATOR=':'
PG_CONFIG=''
POSTGRESQL_CFLAGS=''
POSTGRESQL_LDFLAGS=''
POSTGRESQL_VERSION=''
PTHREAD_CC='gcc'
PTHREAD_CFLAGS=''
PTHREAD_LIBS=''
SET_MAKE=''
SHELL='/bin/bash'
STRIP=''
VERSION='1.1.1'
ac_ct_CC='gcc'
am__fastdepCC_FALSE='#'
am__fastdepCC_TRUE=''
am__include='include'
am__leading_dot='.'
am__quote=''
am__tar='${AMTAR} chof - "$$tardir"'
am__untar='${AMTAR} xf -'
ax_pthread_config=''
bindir='${exec_prefix}/bin'
build='x86_64-unknown-linux-gnu'
build_alias=''
build_cpu='x86_64'
build_os='linux-gnu'
build_vendor='unknown'
datadir='${datarootdir}'
datarootdir='${prefix}/share'
docdir='${datarootdir}/doc/${PACKAGE_TARNAME}'
dvidir='${docdir}'
exec_prefix='${prefix}'
host='x86_64-unknown-linux-gnu'
host_alias=''
host_cpu='x86_64'
host_os='linux-gnu'
host_vendor='unknown'
htmldir='${docdir}'
includedir='${prefix}/include'
infodir='${datarootdir}/info'
install_sh='/mnt/c/Users/ryan/Documents/EEE_4714/EEE4714_Project/attack_wrapper-1.1.1/install-sh'
libdir='${exec_prefix}/lib'
libexecdir='${exec_prefix}/libexec'
localedir='${datarootdir}/locale'
localstatedir='${prefix}/var'
mandir='${datarootdir}/man'
mkdir_p='mkdir -p --'
oldincludedir='/usr/include'
pdfdir='${docdir}'
prefix='/usr/local'
program_transform_name='s,x,x,'
psdir='${docdir}'
sbindir='${exec_prefix}/sbin'
sharedstatedir='${prefix}/com'
sysconfdir='${prefix}/etc'
target_alias=''

## ----------- ##
## confdefs.h. ##
## ----------- ##

#define PACKAGE_NAME "attack_wrapper"
#define PACKAGE_TARNAME "attack_wrapper"
#define PACKAGE_VERSION "1.1.1"
#define PACKAGE_STRING "attack_wrapper 1.1.1"
#define PACKAGE_BUGREPORT "contact@dpacontest.org"
#define PACKAGE "attack_wrapper"
#define VERSION "1.1.1"
#define STDC_HEADERS 1
#define HAVE_SYS_TYPES_H 1
#define HAVE_SYS_STAT_H 1
#define HAVE_STDLIB_H 1
#define HAVE_STRING_H 1
#define HAVE_MEMORY_H 1
#define HAVE_STRINGS_H 1
#define HAVE_INTTYPES_H 1
#define HAVE_STDINT_H 1
#define HAVE_UNISTD_H 1
#define HAVE_FCNTL_H 1
#define HAVE_STDINT_H 1
#define HAVE_STDLIB_H 1
#define HAVE_STRING_H 1
#define HAVE_SYS_TIME_H 1
#define HAVE_UNISTD_H 1
#define HAVE_FORK 1
#define HAVE_VFORK 1
#define HAVE_WORKING_VFORK 1
#define HAVE_WORKING_FORK 1
#define HAVE_STDLIB_H 1
#define HAVE_MALLOC 1
#define HAVE_DUP2 1
#define HAVE_GETTIMEOFDAY 1
#define HAVE_MEMSET 1
#define HAVE_STRDUP 1
#define HAVE_PTHREAD 1

configure: exit 0
